# JRE version: Java(TM) SE Runtime Environment (8.0_301-b09) (build 1.8.0_301-b09)
# Java VM: Java HotSpot(TM) 64-Bit Server VM (25.301-b09 mixed mode windows-amd64 compressed oops)
Heap:
 PSYoungGen      total 373248K, used 263983K [0x0000000781100000, 0x000000079aa80000, 0x00000007c0000000)
  eden space 330240K, 76% used [0x0000000781100000,0x000000079069e250,0x0000000795380000)
  from space 43008K, 28% used [0x0000000798080000,0x0000000798cadd78,0x000000079aa80000)
  to   space 44544K, 0% used [0x0000000795380000,0x0000000795380000,0x0000000797f00000)
 ParOldGen       total 321536K, used 68762K [0x0000000703200000, 0x0000000716c00000, 0x0000000781100000)
  object space 321536K, 21% used [0x0000000703200000,0x0000000707526ad8,0x0000000716c00000)
 Metaspace       used 106165K, capacity 110001K, committed 110284K, reserved 1144832K
  class space    used 13386K, capacity 14016K, committed 14080K, reserved 1048576K
GC Heap History (10 events):
Event: 33.151 GC heap before
{Heap before GC invocations=26 (full 3):
 PSYoungGen      total 310784K, used 292858K [0x0000000781100000, 0x0000000796a80000, 0x00000007c0000000)
  eden space 270848K, 100% used [0x0000000781100000,0x0000000791980000,0x0000000791980000)
  from space 39936K, 55% used [0x0000000794380000,0x00000007958fe918,0x0000000796a80000)
  to   space 41472K, 0% used [0x0000000791980000,0x0000000791980000,0x0000000794200000)
 ParOldGen       total 244224K, used 56050K [0x0000000703200000, 0x0000000712080000, 0x0000000781100000)
  object space 244224K, 22% used [0x0000000703200000,0x00000007068bcac0,0x0000000712080000)
 Metaspace       used 85825K, capacity 89074K, committed 89304K, reserved 1126400K
  class space    used 10948K, capacity 11513K, committed 11520K, reserved 1048576K
Event: 33.176 GC heap after
Heap after GC invocations=26 (full 3):
 PSYoungGen      total 312320K, used 27156K [0x0000000781100000, 0x0000000798b80000, 0x00000007c0000000)
  eden space 270848K, 0% used [0x0000000781100000,0x0000000781100000,0x0000000791980000)
  from space 41472K, 65% used [0x0000000791980000,0x0000000793405100,0x0000000794200000)
  to   space 42496K, 0% used [0x0000000796200000,0x0000000796200000,0x0000000798b80000)
 ParOldGen       total 244224K, used 56058K [0x0000000703200000, 0x0000000712080000, 0x0000000781100000)
  object space 244224K, 22% used [0x0000000703200000,0x00000007068beac0,0x0000000712080000)
 Metaspace       used 85825K, capacity 89074K, committed 89304K, reserved 1126400K
  class space    used 10948K, capacity 11513K, committed 11520K, reserved 1048576K
}
Event: 35.626 GC heap before
{Heap before GC invocations=27 (full 3):
 PSYoungGen      total 312320K, used 298004K [0x0000000781100000, 0x0000000798b80000, 0x00000007c0000000)
  eden space 270848K, 100% used [0x0000000781100000,0x0000000791980000,0x0000000791980000)
  from space 41472K, 65% used [0x0000000791980000,0x0000000793405100,0x0000000794200000)
  to   space 42496K, 0% used [0x0000000796200000,0x0000000796200000,0x0000000798b80000)
 ParOldGen       total 244224K, used 56058K [0x0000000703200000, 0x0000000712080000, 0x0000000781100000)
  object space 244224K, 22% used [0x0000000703200000,0x00000007068beac0,0x0000000712080000)
 Metaspace       used 89637K, capacity 93230K, committed 93272K, reserved 1130496K
  class space    used 11505K, capacity 12119K, committed 12160K, reserved 1048576K
Event: 35.665 GC heap after
Heap after GC invocations=27 (full 3):
 PSYoungGen      total 343552K, used 30516K [0x0000000781100000, 0x0000000798f80000, 0x00000007c0000000)
  eden space 301056K, 0% used [0x0000000781100000,0x0000000781100000,0x0000000793700000)
  from space 42496K, 71% used [0x0000000796200000,0x0000000797fcd110,0x0000000798b80000)
  to   space 44032K, 0% used [0x0000000793700000,0x0000000793700000,0x0000000796200000)
 ParOldGen       total 244224K, used 56066K [0x0000000703200000, 0x0000000712080000, 0x0000000781100000)
  object space 244224K, 22% used [0x0000000703200000,0x00000007068c0ac0,0x0000000712080000)
 Metaspace       used 89637K, capacity 93230K, committed 93272K, reserved 1130496K
  class space    used 11505K, capacity 12119K, committed 12160K, reserved 1048576K
}
Event: 36.740 GC heap before
{Heap before GC invocations=28 (full 3):
 PSYoungGen      total 343552K, used 158240K [0x0000000781100000, 0x0000000798f80000, 0x00000007c0000000)
  eden space 301056K, 42% used [0x0000000781100000,0x0000000788dbb050,0x0000000793700000)
  from space 42496K, 71% used [0x0000000796200000,0x0000000797fcd110,0x0000000798b80000)
  to   space 44032K, 0% used [0x0000000793700000,0x0000000793700000,0x0000000796200000)
 ParOldGen       total 244224K, used 56066K [0x0000000703200000, 0x0000000712080000, 0x0000000781100000)
  object space 244224K, 22% used [0x0000000703200000,0x00000007068c0ac0,0x0000000712080000)
 Metaspace       used 94631K, capacity 98210K, committed 98380K, reserved 1134592K
  class space    used 12001K, capacity 12617K, committed 12672K, reserved 1048576K
Event: 36.765 GC heap after
Heap after GC invocations=28 (full 3):
 PSYoungGen      total 345088K, used 30975K [0x0000000781100000, 0x000000079ad00000, 0x00000007c0000000)
  eden space 301056K, 0% used [0x0000000781100000,0x0000000781100000,0x0000000793700000)
  from space 44032K, 70% used [0x0000000793700000,0x000000079553fee8,0x0000000796200000)
  to   space 45568K, 0% used [0x0000000798080000,0x0000000798080000,0x000000079ad00000)
 ParOldGen       total 244224K, used 56074K [0x0000000703200000, 0x0000000712080000, 0x0000000781100000)
  object space 244224K, 22% used [0x0000000703200000,0x00000007068c2ac0,0x0000000712080000)
 Metaspace       used 94631K, capacity 98210K, committed 98380K, reserved 1134592K
  class space    used 12001K, capacity 12617K, committed 12672K, reserved 1048576K
}
Event: 36.765 GC heap before
{Heap before GC invocations=29 (full 4):
 PSYoungGen      total 345088K, used 30975K [0x0000000781100000, 0x000000079ad00000, 0x00000007c0000000)
  eden space 301056K, 0% used [0x0000000781100000,0x0000000781100000,0x0000000793700000)
  from space 44032K, 70% used [0x0000000793700000,0x000000079553fee8,0x0000000796200000)
  to   space 45568K, 0% used [0x0000000798080000,0x0000000798080000,0x000000079ad00000)
 ParOldGen       total 244224K, used 56074K [0x0000000703200000, 0x0000000712080000, 0x0000000781100000)
  object space 244224K, 22% used [0x0000000703200000,0x00000007068c2ac0,0x0000000712080000)
 Metaspace       used 94631K, capacity 98210K, committed 98380K, reserved 1134592K
  class space    used 12001K, capacity 12617K, committed 12672K, reserved 1048576K
Event: 37.004 GC heap after
Heap after GC invocations=29 (full 4):
 PSYoungGen      total 345088K, used 0K [0x0000000781100000, 0x000000079ad00000, 0x00000007c0000000)
  eden space 301056K, 0% used [0x0000000781100000,0x0000000781100000,0x0000000793700000)
  from space 44032K, 0% used [0x0000000793700000,0x0000000793700000,0x0000000796200000)
  to   space 45568K, 0% used [0x0000000798080000,0x0000000798080000,0x000000079ad00000)
 ParOldGen       total 321536K, used 68754K [0x0000000703200000, 0x0000000716c00000, 0x0000000781100000)
  object space 321536K, 21% used [0x0000000703200000,0x0000000707524ad8,0x0000000716c00000)
 Metaspace       used 94631K, capacity 98210K, committed 98380K, reserved 1134592K
  class space    used 12001K, capacity 12617K, committed 12672K, reserved 1048576K
}
Event: 39.567 GC heap before
{Heap before GC invocations=30 (full 4):
 PSYoungGen      total 345088K, used 301056K [0x0000000781100000, 0x000000079ad00000, 0x00000007c0000000)
  eden space 301056K, 100% used [0x0000000781100000,0x0000000793700000,0x0000000793700000)
  from space 44032K, 0% used [0x0000000793700000,0x0000000793700000,0x0000000796200000)
  to   space 45568K, 0% used [0x0000000798080000,0x0000000798080000,0x000000079ad00000)
 ParOldGen       total 321536K, used 68754K [0x0000000703200000, 0x0000000716c00000, 0x0000000781100000)
  object space 321536K, 21% used [0x0000000703200000,0x0000000707524ad8,0x0000000716c00000)
 Metaspace       used 101771K, capacity 105403K, committed 105676K, reserved 1140736K
  class space    used 12857K, capacity 13479K, committed 13568K, reserved 1048576K
Event: 39.580 GC heap after
Heap after GC invocations=30 (full 4):
 PSYoungGen      total 373248K, used 12471K [0x0000000781100000, 0x000000079aa80000, 0x00000007c0000000)
  eden space 330240K, 0% used [0x0000000781100000,0x0000000781100000,0x0000000795380000)
  from space 43008K, 28% used [0x0000000798080000,0x0000000798cadd78,0x000000079aa80000)
  to   space 44544K, 0% used [0x0000000795380000,0x0000000795380000,0x0000000797f00000)
 ParOldGen       total 321536K, used 68762K [0x0000000703200000, 0x0000000716c00000, 0x0000000781100000)
  object space 321536K, 21% used [0x0000000703200000,0x0000000707526ad8,0x0000000716c00000)
 Metaspace       used 101771K, capacity 105403K, committed 105676K, reserved 1140736K
  class space    used 12857K, capacity 13479K, committed 13568K, reserved 1048576K
}

